<?xml version="1.0" encoding="UTF-8"?>
<!-- Generated by org.testng.reporters.JUnitReportReporter -->
<testsuite hostname="Veena-MBP" failures="0" tests="1" name="com.qa.rest.test.GetCallBDD" time="1.539" errors="0" timestamp="6 Feb 2019 23:51:11 GMT">
  <testcase classname="com.qa.rest.test.GetCallBDD" name="numberOfCircuits2017" time="1.539"/>
</testsuite> <!-- com.qa.rest.test.GetCallBDD -->
